p/48.jpg 1 0 0 1024 1009
p/47.jpg 1 0 0 720 720
p/46.jpg 1 0 0 600 470
p/45.jpg 1 0 0 1024 512
p/43.jpg 1 0 0 1200 564
p/42.jpg 1 0 0 600 600
p/41.jpg 1 0 0 720 720
p/40.jpg 1 0 0 960 720
p/39.jpg 1 0 0 1200 1200
p/38.jpg 1 0 0 800 800
p/37.jpg 1 0 0 4000 2200
p/36.jpg 1 0 0 1200 1200
p/35.jpg 1 0 0 1024 1024
p/34.jpg 1 0 0 300 233
p/33.jpg 1 0 0 638 359
p/32.jpg 1 0 0 1024 576
p/31.jpg 1 0 0 612 612
p/30.jpg 1 0 0 1536 2048
p/29.jpg 1 0 0 1200 1200
p/28.jpg 1 0 0 1536 2048
p/27.jpg 1 0 0 720 720
p/26.jpg 1 0 0 1200 1200
p/24.jpg 1 0 0 512 512
p/23.jpg 1 0 0 525 720
p/22.jpg 1 0 0 500 500
p/21.jpg 1 0 0 1200 1200
p/20.jpg 1 0 0 1300 1300
p/19.jpg 1 0 0 800 800
p/18.jpg 1 0 0 300 300
p/17.jpg 1 0 0 1000 1000
p/16.jpg 1 0 0 500 500
p/15.jpg 1 0 0 941 291
p/14.jpg 1 0 0 400 400
p/13.jpg 1 0 0 747 485
p/12.jpg 1 0 0 500 500
p/11.jpg 1 0 0 1200 745
p/10.jpg 1 0 0 450 450
p/9.jpg 1 0 0 418 500
p/8.jpg 1 0 0 300 300
p/7.jpg 1 0 0 512 512
p/6.jpg 1 0 0 1300 751
p/5.jpg 1 0 0 720 720
p/4.jpg 1 0 0 626 626
p/3.jpg 1 0 0 1200 1200
p/2.jpg 1 0 0 696 348
p/1.jpg 1 0 0 720 720