p/29.jpg 1 0 0 800 800
p/28.jpg 1 0 0 272 280
p/27.jpg 1 0 0 936 566
p/26.jpg 1 0 0 374 375
p/24.jpg 1 0 0 225 225
p/23.jpg 1 0 0 600 600
p/22.jpg 1 0 0 1000 1000
p/20.jpg 1 0 0 230 175
p/19.jpg 1 0 0 340 340
p/18.jpg 1 0 0 1200 675
p/17.jpg 1 0 0 940 1215
p/16.jpg 1 0 0 1000 1000
p/14.jpg 1 0 0 800 600
p/13.jpg 1 0 0 800 800
p/11.jpg 1 0 0 453 450
p/10.jpg 1 0 0 1000 1000
p/9.jpg 1 0 0 425 441
p/8.jpg 1 0 0 1280 720
p/7.jpg 1 0 0 675 675
p/6.jpg 1 0 0 1000 1000
p/5.jpg 1 0 0 452 452
p/4.jpg 1 0 0 598 560
p/3.jpg 1 0 0 260 280
p/2.jpg 1 0 0 960 960
p/1.jpg 1 0 0 560 393